--------------------------------------------------------------------------------
Release 14.7 Trace  (nt64)
Copyright (c) 1995-2013 Xilinx, Inc.  All rights reserved.

D:\programs\14.7\ISE_DS\ISE\bin\nt64\unwrapped\trce.exe -intstyle ise -v 3 -s 1
-n 3 -fastpaths -xml LED_DRV.twx LED_DRV.ncd -o LED_DRV.twr LED_DRV.pcf -ucf
K7.ucf

Design file:              LED_DRV.ncd
Physical constraint file: LED_DRV.pcf
Device,package,speed:     xc7k160t,ffg676,C,-1 (PRODUCTION 1.10 2013-10-13)
Report level:             verbose report

Environment Variable      Effect 
--------------------      ------ 
NONE                      No environment variables were set
--------------------------------------------------------------------------------

INFO:Timing:2698 - No timing constraints found, doing default enumeration.
INFO:Timing:3412 - To improve timing, see the Timing Closure User Guide (UG612).
INFO:Timing:2752 - To get complete path coverage, use the unconstrained paths 
   option. All paths that are not constrained will be reported in the 
   unconstrained paths section(s) of the report.
INFO:Timing:3339 - The clock-to-out numbers in this timing report are based on 
   a 50 Ohm transmission line loading model.  For the details of this model, 
   and for more information on accounting for different loading conditions, 
   please see the device datasheet.



Data Sheet report:
-----------------
All values displayed in nanoseconds (ns)

Setup/Hold to clock clk
------------+------------+------------+------------+------------+------------------+--------+
            |Max Setup to|  Process   |Max Hold to |  Process   |                  | Clock  |
Source      | clk (edge) |   Corner   | clk (edge) |   Corner   |Internal Clock(s) | Phase  |
------------+------------+------------+------------+------------+------------------+--------+
start       |    0.676(R)|      FAST  |    2.251(R)|      SLOW  |clk_IBUF_BUFG     |   0.000|
------------+------------+------------+------------+------------+------------------+--------+

Clock clk to Pad
------------+-----------------+------------+-----------------+------------+------------------+--------+
            |Max (slowest) clk|  Process   |Min (fastest) clk|  Process   |                  | Clock  |
Destination |  (edge) to PAD  |   Corner   |  (edge) to PAD  |   Corner   |Internal Clock(s) | Phase  |
------------+-----------------+------------+-----------------+------------+------------------+--------+
AN<0>       |        12.475(R)|      SLOW  |         4.855(R)|      FAST  |clk_IBUF_BUFG     |   0.000|
AN<1>       |        12.469(R)|      SLOW  |         4.832(R)|      FAST  |clk_IBUF_BUFG     |   0.000|
AN<2>       |        12.306(R)|      SLOW  |         4.766(R)|      FAST  |clk_IBUF_BUFG     |   0.000|
AN<3>       |        12.445(R)|      SLOW  |         4.819(R)|      FAST  |clk_IBUF_BUFG     |   0.000|
LED_CLK     |        14.631(R)|      SLOW  |         5.432(R)|      FAST  |clk_IBUF_BUFG     |   0.000|
LED_DO      |        11.757(R)|      SLOW  |         4.460(R)|      FAST  |clk_IBUF_BUFG     |   0.000|
SEGMENT<0>  |        14.660(R)|      SLOW  |         5.279(R)|      FAST  |clk_IBUF_BUFG     |   0.000|
SEGMENT<1>  |        14.621(R)|      SLOW  |         5.193(R)|      FAST  |clk_IBUF_BUFG     |   0.000|
SEGMENT<2>  |        14.488(R)|      SLOW  |         5.308(R)|      FAST  |clk_IBUF_BUFG     |   0.000|
SEGMENT<3>  |        14.739(R)|      SLOW  |         5.245(R)|      FAST  |clk_IBUF_BUFG     |   0.000|
SEGMENT<4>  |        14.048(R)|      SLOW  |         5.059(R)|      FAST  |clk_IBUF_BUFG     |   0.000|
SEGMENT<5>  |        14.382(R)|      SLOW  |         5.259(R)|      FAST  |clk_IBUF_BUFG     |   0.000|
SEGMENT<6>  |        14.306(R)|      SLOW  |         5.202(R)|      FAST  |clk_IBUF_BUFG     |   0.000|
finish      |        12.484(R)|      SLOW  |         4.533(R)|      FAST  |clk_IBUF_BUFG     |   0.000|
------------+-----------------+------------+-----------------+------------+------------------+--------+

Clock to Setup on destination clock clk
---------------+---------+---------+---------+---------+
               | Src:Rise| Src:Fall| Src:Rise| Src:Fall|
Source Clock   |Dest:Rise|Dest:Rise|Dest:Fall|Dest:Fall|
---------------+---------+---------+---------+---------+
clk            |    2.900|         |         |         |
---------------+---------+---------+---------+---------+

Pad to Pad
---------------+---------------+---------+
Source Pad     |Destination Pad|  Delay  |
---------------+---------------+---------+
SW<14>         |LED_CLR        |    8.403|
SW<15>         |LED_EN         |    7.926|
clk            |LED_CLK        |   10.362|
---------------+---------------+---------+


Analysis completed Fri Dec 17 16:57:17 2021 
--------------------------------------------------------------------------------

Trace Settings:
-------------------------
Trace Settings 

Peak Memory Usage: 5100 MB



