Running: C:\XilinxISE\14.7\ISE_DS\ISE\bin\nt64\unwrapped\fuse.exe -intstyle ise -incremental -lib unisims_ver -lib unimacro_ver -lib xilinxcorelib_ver -lib secureip -o F:/ise_test_exp4/D_74LS138_SCH/D_74LS138_SCH_D_74LS138_SCH_sch_tb_isim_beh.exe -prj F:/ise_test_exp4/D_74LS138_SCH/D_74LS138_SCH_D_74LS138_SCH_sch_tb_beh.prj work.D_74LS138_SCH_D_74LS138_SCH_sch_tb work.glbl 
ISim P.20131013 (signature 0x7708f090)
Number of CPUs detected in this system: 4
Turning on mult-threading, number of parallel sub-compilation jobs: 8 
Determining compilation order of HDL files
Analyzing Verilog file "F:/ise_test_exp4/D_74LS138_SCH/D_74LS138_SCH.vf" into library work
Analyzing Verilog file "F:/ise_test_exp4/D_74LS138_SCH/D_74LS138_sim.v" into library work
Analyzing Verilog file "C:/XilinxISE/14.7/ISE_DS/ISE//verilog/src/glbl.v" into library work
Starting static elaboration
Completed static elaboration
Compiling module INV
Compiling module AND2
Compiling module NAND3
Compiling module NOR3
Compiling module D_74LS138_SCH
Compiling module D_74LS138_SCH_D_74LS138_SCH_sch_...
Compiling module glbl
Time Resolution for simulation is 1ps.
Waiting for 1 sub-compilation(s) to finish...
Compiled 7 Verilog Units
Built simulation executable F:/ise_test_exp4/D_74LS138_SCH/D_74LS138_SCH_D_74LS138_SCH_sch_tb_isim_beh.exe
Fuse Memory Usage: 28404 KB
Fuse CPU Usage: 499 ms
